{
  "stats": {
    "suites": 9,
    "tests": 9,
    "passes": 1,
    "pending": 0,
    "failures": 8,
    "start": "2022-11-28T11:21:16.106Z",
    "end": "2022-11-28T11:21:21.932Z",
    "duration": 5826,
    "testsRegistered": 9,
    "passPercent": 11.11111111111111,
    "pendingPercent": 0,
    "other": 0,
    "hasOther": false,
    "skipped": 0,
    "hasSkipped": false
  },
  "results": [
    {
      "uuid": "cc5dd9ab-8697-484d-bb31-9ee8892b300e",
      "title": "",
      "fullFile": "",
      "file": "",
      "beforeHooks": [],
      "afterHooks": [
        {
          "title": "\"after all\" hook in \"{root}\"",
          "fullTitle": "\"after all\" hook in \"{root}\"",
          "timedOut": false,
          "duration": 1,
          "state": null,
          "speed": null,
          "pass": false,
          "fail": false,
          "pending": false,
          "context": null,
          "code": "done();",
          "err": {},
          "uuid": "f342ae34-ee2f-4470-bcec-d5f9fb7772bf",
          "parentUUID": "cc5dd9ab-8697-484d-bb31-9ee8892b300e",
          "isHook": true,
          "skipped": false
        }
      ],
      "tests": [],
      "suites": [
        {
          "uuid": "1f1db1d7-5a0b-47d1-a835-800af4341181",
          "title": "POST /api/mekanlar",
          "fullFile": "C:\\Users\\Emil\\OneDrive\\Masaüstü\\Web Tekno\\MekanBul\\test.js",
          "file": "\\test.js",
          "beforeHooks": [],
          "afterHooks": [],
          "tests": [
            {
              "title": "Yeni mekan ekle:",
              "fullTitle": "POST /api/mekanlar Yeni mekan ekle:",
              "timedOut": false,
              "duration": 803,
              "state": "failed",
              "speed": null,
              "pass": false,
              "fail": true,
              "pending": false,
              "context": null,
              "code": "const response = await request.post(\"/api/mekanlar\").send({\n  ad: \"Starbucks\",\n  adres: \"Centrum Garden\",\n  puan: 5,\n  imkanlar: \"çay,kahve,pasta\",\n  enlem: 37.83226584629666,\n  boylam: 30.524732239878013,\n  gunler1: \"Pazartesi-Cuma\",\n  acilis1: \"9:00\",\n  kapanis1: \"23:00\",\n  kapali1: false,\n  gunler2: \"Cumartesi-Pazar\",\n  acilis2: \"11:00\",\n  kapanis2: \"17:00\",\n  kapali2: false,\n});\nexpect(response.status).to.eql(201);\nprocess.env.mekanid = response.body._id;",
              "err": {
                "message": "AssertionError: expected 500 to deeply equal 201",
                "estack": "AssertionError: expected 500 to deeply equal 201\n    at Context.<anonymous> (test.js:22:32)\n    at processTicksAndRejections (node:internal/process/task_queues:96:5)",
                "diff": "- 500\n+ 201\n"
              },
              "uuid": "3f089b2d-ba74-4b58-96f8-904e1932b80a",
              "parentUUID": "1f1db1d7-5a0b-47d1-a835-800af4341181",
              "isHook": false,
              "skipped": false
            }
          ],
          "suites": [],
          "passes": [],
          "failures": [
            "3f089b2d-ba74-4b58-96f8-904e1932b80a"
          ],
          "pending": [],
          "skipped": [],
          "duration": 803,
          "root": false,
          "rootEmpty": false,
          "_timeout": 10000
        },
        {
          "uuid": "3b67d54c-7fe9-440c-81de-39b2886bfc43",
          "title": "GET /api/mekanlar",
          "fullFile": "C:\\Users\\Emil\\OneDrive\\Masaüstü\\Web Tekno\\MekanBul\\test.js",
          "file": "\\test.js",
          "beforeHooks": [],
          "afterHooks": [],
          "tests": [
            {
              "title": "Girilen konum civarındaki tüm mekanları listele:",
              "fullTitle": "GET /api/mekanlar Girilen konum civarındaki tüm mekanları listele:",
              "timedOut": false,
              "duration": 774,
              "state": "passed",
              "speed": "slow",
              "pass": true,
              "fail": false,
              "pending": false,
              "context": null,
              "code": "const response = await request.get(\"/api/mekanlar?enlem=37&boylam=35\");\nexpect(response.status).to.eql(200);",
              "err": {},
              "uuid": "137e95c4-f577-43dd-be7b-025f8e03f884",
              "parentUUID": "3b67d54c-7fe9-440c-81de-39b2886bfc43",
              "isHook": false,
              "skipped": false
            }
          ],
          "suites": [],
          "passes": [
            "137e95c4-f577-43dd-be7b-025f8e03f884"
          ],
          "failures": [],
          "pending": [],
          "skipped": [],
          "duration": 774,
          "root": false,
          "rootEmpty": false,
          "_timeout": 10000
        },
        {
          "uuid": "0067fe64-b69e-43ee-8523-58c236da10c4",
          "title": "GET /api/mekanlar/:mekanid",
          "fullFile": "C:\\Users\\Emil\\OneDrive\\Masaüstü\\Web Tekno\\MekanBul\\test.js",
          "file": "\\test.js",
          "beforeHooks": [],
          "afterHooks": [],
          "tests": [
            {
              "title": "Mekan getir:",
              "fullTitle": "GET /api/mekanlar/:mekanid Mekan getir:",
              "timedOut": false,
              "duration": 583,
              "state": "failed",
              "speed": null,
              "pass": false,
              "fail": true,
              "pending": false,
              "context": null,
              "code": "const response = await request.get(`/api/mekanlar/${process.env.mekanid}`);\nexpect(response.status).to.eql(200);",
              "err": {
                "message": "AssertionError: expected 404 to deeply equal 200",
                "estack": "AssertionError: expected 404 to deeply equal 200\n    at Context.<anonymous> (test.js:37:32)\n    at processTicksAndRejections (node:internal/process/task_queues:96:5)",
                "diff": "- 404\n+ 200\n"
              },
              "uuid": "13009522-1eaa-46dc-8f4a-920a67f88b60",
              "parentUUID": "0067fe64-b69e-43ee-8523-58c236da10c4",
              "isHook": false,
              "skipped": false
            }
          ],
          "suites": [],
          "passes": [],
          "failures": [
            "13009522-1eaa-46dc-8f4a-920a67f88b60"
          ],
          "pending": [],
          "skipped": [],
          "duration": 583,
          "root": false,
          "rootEmpty": false,
          "_timeout": 10000
        },
        {
          "uuid": "b4187579-161c-45d1-9a18-b475b4f09f55",
          "title": "PUT /api/mekanlar/:mekanid",
          "fullFile": "C:\\Users\\Emil\\OneDrive\\Masaüstü\\Web Tekno\\MekanBul\\test.js",
          "file": "\\test.js",
          "beforeHooks": [],
          "afterHooks": [],
          "tests": [
            {
              "title": "Mekan Güncelle:",
              "fullTitle": "PUT /api/mekanlar/:mekanid Mekan Güncelle:",
              "timedOut": false,
              "duration": 555,
              "state": "failed",
              "speed": null,
              "pass": false,
              "fail": true,
              "pending": false,
              "context": null,
              "code": "const response = await request\n  .put(`/api/mekanlar/${process.env.mekanid}`)\n  .send({\n    ad: \"Starbucks SDÜ\",\n    adres: \"SDÜ Doğu Kampüsü\",\n    puan: 3,\n    imkanlar: \"çay,kahve,pasta,refresher\",\n    enlem: 37.8,\n    boylam: 30.5,\n    gunler1: \"Pazartesi-Cuma\",\n    acilis1: \"9:10\",\n    kapanis1: \"23:10\",\n    kapali1: true,\n    gunler2: \"Cumartesi-Pazar\",\n    acilis2: \"11:10\",\n    kapanis2: \"17:10\",\n    kapali2: true,\n  });\nexpect(response.status).to.eql(200);",
              "err": {
                "message": "AssertionError: expected 404 to deeply equal 200",
                "estack": "AssertionError: expected 404 to deeply equal 200\n    at Context.<anonymous> (test.js:61:32)\n    at processTicksAndRejections (node:internal/process/task_queues:96:5)",
                "diff": "- 404\n+ 200\n"
              },
              "uuid": "19da819d-6990-4c92-ab36-69befd47af0d",
              "parentUUID": "b4187579-161c-45d1-9a18-b475b4f09f55",
              "isHook": false,
              "skipped": false
            }
          ],
          "suites": [],
          "passes": [],
          "failures": [
            "19da819d-6990-4c92-ab36-69befd47af0d"
          ],
          "pending": [],
          "skipped": [],
          "duration": 555,
          "root": false,
          "rootEmpty": false,
          "_timeout": 10000
        },
        {
          "uuid": "7ae61527-3d8a-48f8-bd85-f5e1fffb8235",
          "title": "POST /api/mekanlar/:mekanid/yorumlar",
          "fullFile": "C:\\Users\\Emil\\OneDrive\\Masaüstü\\Web Tekno\\MekanBul\\test.js",
          "file": "\\test.js",
          "beforeHooks": [],
          "afterHooks": [],
          "tests": [
            {
              "title": "Yorum ekle:",
              "fullTitle": "POST /api/mekanlar/:mekanid/yorumlar Yorum ekle:",
              "timedOut": false,
              "duration": 632,
              "state": "failed",
              "speed": null,
              "pass": false,
              "fail": true,
              "pending": false,
              "context": null,
              "code": "const response = await request\n  .post(`/api/mekanlar/${process.env.mekanid}/yorumlar`)\n  .send({\n    yorumYapan: \"ASY\",\n    puan: 5,\n    yorumMetni: \"Kahveler harika\",\n  });\nprocess.env.yorumid = response.body._id;\nexpect(response.status).to.eql(201);",
              "err": {
                "message": "AssertionError: expected 400 to deeply equal 201",
                "estack": "AssertionError: expected 400 to deeply equal 201\n    at Context.<anonymous> (test.js:75:32)\n    at processTicksAndRejections (node:internal/process/task_queues:96:5)",
                "diff": "- 400\n+ 201\n"
              },
              "uuid": "cc5c9a5a-329f-4343-a99c-4f46cf28947e",
              "parentUUID": "7ae61527-3d8a-48f8-bd85-f5e1fffb8235",
              "isHook": false,
              "skipped": false
            }
          ],
          "suites": [],
          "passes": [],
          "failures": [
            "cc5c9a5a-329f-4343-a99c-4f46cf28947e"
          ],
          "pending": [],
          "skipped": [],
          "duration": 632,
          "root": false,
          "rootEmpty": false,
          "_timeout": 10000
        },
        {
          "uuid": "425d578d-2846-4e1f-a4cf-6a14c989cc70",
          "title": "GET /api/mekanlar/:mekanid/yorumlar/:yorumid",
          "fullFile": "C:\\Users\\Emil\\OneDrive\\Masaüstü\\Web Tekno\\MekanBul\\test.js",
          "file": "\\test.js",
          "beforeHooks": [],
          "afterHooks": [],
          "tests": [
            {
              "title": "Yorum getir:",
              "fullTitle": "GET /api/mekanlar/:mekanid/yorumlar/:yorumid Yorum getir:",
              "timedOut": false,
              "duration": 483,
              "state": "failed",
              "speed": null,
              "pass": false,
              "fail": true,
              "pending": false,
              "context": null,
              "code": "const response = await request.get(\n  `/api/mekanlar/${process.env.mekanid}/yorumlar/${process.env.yorumid}`\n);\nexpect(response.status).to.eql(200);",
              "err": {
                "message": "AssertionError: expected 404 to deeply equal 200",
                "estack": "AssertionError: expected 404 to deeply equal 200\n    at Context.<anonymous> (test.js:84:32)\n    at processTicksAndRejections (node:internal/process/task_queues:96:5)",
                "diff": "- 404\n+ 200\n"
              },
              "uuid": "58ea5840-4130-4a46-961c-0e1fd108e2d7",
              "parentUUID": "425d578d-2846-4e1f-a4cf-6a14c989cc70",
              "isHook": false,
              "skipped": false
            }
          ],
          "suites": [],
          "passes": [],
          "failures": [
            "58ea5840-4130-4a46-961c-0e1fd108e2d7"
          ],
          "pending": [],
          "skipped": [],
          "duration": 483,
          "root": false,
          "rootEmpty": false,
          "_timeout": 10000
        },
        {
          "uuid": "5dbd6ead-76b1-432f-a5fc-1d36a2b1b47c",
          "title": "PUT /api/mekanlar/:mekanid/yorumlar/:yorumid",
          "fullFile": "C:\\Users\\Emil\\OneDrive\\Masaüstü\\Web Tekno\\MekanBul\\test.js",
          "file": "\\test.js",
          "beforeHooks": [],
          "afterHooks": [],
          "tests": [
            {
              "title": "Yorum güncelle:",
              "fullTitle": "PUT /api/mekanlar/:mekanid/yorumlar/:yorumid Yorum güncelle:",
              "timedOut": false,
              "duration": 681,
              "state": "failed",
              "speed": null,
              "pass": false,
              "fail": true,
              "pending": false,
              "context": null,
              "code": "const response = await request\n  .put(\n    `/api/mekanlar/${process.env.mekanid}/yorumlar/${process.env.yorumid}`\n  )\n  .send({\n    yorumYapan: \"Sinan\",\n    puan: 4,\n    yorumMetni: \"Kahveler harikaaaa\",\n  });\nexpect(response.status).to.eql(200);",
              "err": {
                "message": "AssertionError: expected 404 to deeply equal 200",
                "estack": "AssertionError: expected 404 to deeply equal 200\n    at Context.<anonymous> (test.js:99:32)\n    at processTicksAndRejections (node:internal/process/task_queues:96:5)",
                "diff": "- 404\n+ 200\n"
              },
              "uuid": "f6652676-9f1a-48dd-8ca0-3492c635df48",
              "parentUUID": "5dbd6ead-76b1-432f-a5fc-1d36a2b1b47c",
              "isHook": false,
              "skipped": false
            }
          ],
          "suites": [],
          "passes": [],
          "failures": [
            "f6652676-9f1a-48dd-8ca0-3492c635df48"
          ],
          "pending": [],
          "skipped": [],
          "duration": 681,
          "root": false,
          "rootEmpty": false,
          "_timeout": 10000
        },
        {
          "uuid": "10559044-c7e4-4a0a-b0db-76bcefd951f0",
          "title": "DELETE /api/mekanlar/:mekanid/yorumlar/:yorumid",
          "fullFile": "C:\\Users\\Emil\\OneDrive\\Masaüstü\\Web Tekno\\MekanBul\\test.js",
          "file": "\\test.js",
          "beforeHooks": [],
          "afterHooks": [],
          "tests": [
            {
              "title": "Yorum sil:",
              "fullTitle": "DELETE /api/mekanlar/:mekanid/yorumlar/:yorumid Yorum sil:",
              "timedOut": false,
              "duration": 717,
              "state": "failed",
              "speed": null,
              "pass": false,
              "fail": true,
              "pending": false,
              "context": null,
              "code": "const response = await request.delete(\n  `/api/mekanlar/${process.env.mekanid}/yorumlar/${process.env.yorumid}`\n);\nexpect(response.status).to.eql(200);",
              "err": {
                "message": "AssertionError: expected 404 to deeply equal 200",
                "estack": "AssertionError: expected 404 to deeply equal 200\n    at Context.<anonymous> (test.js:108:32)\n    at processTicksAndRejections (node:internal/process/task_queues:96:5)",
                "diff": "- 404\n+ 200\n"
              },
              "uuid": "f05ab8b4-450c-42fc-8f59-9fa57ba451c5",
              "parentUUID": "10559044-c7e4-4a0a-b0db-76bcefd951f0",
              "isHook": false,
              "skipped": false
            }
          ],
          "suites": [],
          "passes": [],
          "failures": [
            "f05ab8b4-450c-42fc-8f59-9fa57ba451c5"
          ],
          "pending": [],
          "skipped": [],
          "duration": 717,
          "root": false,
          "rootEmpty": false,
          "_timeout": 10000
        },
        {
          "uuid": "551a7ad5-020e-4ce1-94bf-03279d774ad3",
          "title": "DELETE /api/mekanlar/:mekanid",
          "fullFile": "C:\\Users\\Emil\\OneDrive\\Masaüstü\\Web Tekno\\MekanBul\\test.js",
          "file": "\\test.js",
          "beforeHooks": [],
          "afterHooks": [],
          "tests": [
            {
              "title": "Mekan sil:",
              "fullTitle": "DELETE /api/mekanlar/:mekanid Mekan sil:",
              "timedOut": false,
              "duration": 557,
              "state": "failed",
              "speed": null,
              "pass": false,
              "fail": true,
              "pending": false,
              "context": null,
              "code": "const response = await request.delete(\n  `/api/mekanlar/${process.env.mekanid}`\n);\nexpect(response.status).to.eql(200);",
              "err": {
                "message": "AssertionError: expected 404 to deeply equal 200",
                "estack": "AssertionError: expected 404 to deeply equal 200\n    at Context.<anonymous> (test.js:117:32)\n    at processTicksAndRejections (node:internal/process/task_queues:96:5)",
                "diff": "- 404\n+ 200\n"
              },
              "uuid": "d9cea601-1b41-4b76-9137-134dddd5183f",
              "parentUUID": "551a7ad5-020e-4ce1-94bf-03279d774ad3",
              "isHook": false,
              "skipped": false
            }
          ],
          "suites": [],
          "passes": [],
          "failures": [
            "d9cea601-1b41-4b76-9137-134dddd5183f"
          ],
          "pending": [],
          "skipped": [],
          "duration": 557,
          "root": false,
          "rootEmpty": false,
          "_timeout": 10000
        }
      ],
      "passes": [],
      "failures": [],
      "pending": [],
      "skipped": [],
      "duration": 0,
      "root": true,
      "rootEmpty": true,
      "_timeout": 10000
    }
  ],
  "meta": {
    "mocha": {
      "version": "10.1.0"
    },
    "mochawesome": {
      "options": {
        "quiet": false,
        "reportFilename": "mochawesome",
        "saveHtml": true,
        "saveJson": true,
        "consoleReporter": "spec",
        "useInlineDiffs": false,
        "code": true
      },
      "version": "7.1.3"
    },
    "marge": {
      "options": null,
      "version": "6.2.0"
    }
  }
}